<?xml version="1.0" encoding="UTF-8"?>
<testng-results skipped="0" failed="0" ignored="0" total="2" passed="2">
  <reporter-output>
  </reporter-output>
  <suite name="Reassured" duration-ms="37" started-at="2021-02-26T14:25:38 AMT" finished-at="2021-02-26T14:25:38 AMT">
    <groups>
    </groups>
    <test name="Test" duration-ms="37" started-at="2021-02-26T14:25:38 AMT" finished-at="2021-02-26T14:25:38 AMT">
      <class name="apiTests.test">
        <test-method status="PASS" signature="start()[pri:0, instance:apiTests.test@4667ae56]" name="start" is-config="true" duration-ms="13" started-at="2021-02-26T14:25:38 AMT" finished-at="2021-02-26T14:25:38 AMT">
          <reporter-output>
          </reporter-output>
        </test-method> <!-- start -->
        <test-method status="PASS" signature="before()[pri:0, instance:apiTests.test@4667ae56]" name="before" is-config="true" duration-ms="7" started-at="2021-02-26T14:25:38 AMT" finished-at="2021-02-26T14:25:38 AMT">
          <reporter-output>
          </reporter-output>
        </test-method> <!-- before -->
        <test-method status="PASS" signature="two()[pri:-9, instance:apiTests.test@4667ae56]" name="two" duration-ms="1" started-at="2021-02-26T14:25:38 AMT" finished-at="2021-02-26T14:25:38 AMT">
          <reporter-output>
          </reporter-output>
        </test-method> <!-- two -->
        <test-method status="PASS" signature="after()[pri:0, instance:apiTests.test@4667ae56]" name="after" is-config="true" duration-ms="0" started-at="2021-02-26T14:25:38 AMT" finished-at="2021-02-26T14:25:38 AMT">
          <reporter-output>
          </reporter-output>
        </test-method> <!-- after -->
        <test-method status="PASS" signature="after()[pri:0, instance:apiTests.test@4667ae56]" name="after" is-config="true" duration-ms="1" started-at="2021-02-26T14:25:38 AMT" finished-at="2021-02-26T14:25:38 AMT">
          <reporter-output>
          </reporter-output>
        </test-method> <!-- after -->
        <test-method status="PASS" signature="before()[pri:0, instance:apiTests.test@4667ae56]" name="before" is-config="true" duration-ms="0" started-at="2021-02-26T14:25:38 AMT" finished-at="2021-02-26T14:25:38 AMT">
          <reporter-output>
          </reporter-output>
        </test-method> <!-- before -->
        <test-method status="PASS" signature="one()[pri:-2, instance:apiTests.test@4667ae56]" name="one" duration-ms="0" started-at="2021-02-26T14:25:38 AMT" finished-at="2021-02-26T14:25:38 AMT">
          <reporter-output>
          </reporter-output>
        </test-method> <!-- one -->
        <test-method status="PASS" signature="end()[pri:0, instance:apiTests.test@4667ae56]" name="end" is-config="true" duration-ms="0" started-at="2021-02-26T14:25:38 AMT" finished-at="2021-02-26T14:25:38 AMT">
          <reporter-output>
          </reporter-output>
        </test-method> <!-- end -->
      </class> <!-- apiTests.test -->
    </test> <!-- Test -->
  </suite> <!-- Reassured -->
</testng-results>
